{"E:\\GlintsWorkAssignment\\InvestaX\\me\\album-backend\\app.js": {"path":"E:\\GlintsWorkAssignment\\InvestaX\\me\\album-backend\\app.js","statementMap":{"0":{"start":{"line":11,"column":12},"end":{"line":11,"column":21}},"1":{"start":{"line":14,"column":0},"end":{"line":14,"column":23}},"2":{"start":{"line":15,"column":0},"end":{"line":19,"column":1}},"3":{"start":{"line":20,"column":0},"end":{"line":20,"column":15}},"4":{"start":{"line":21,"column":0},"end":{"line":21,"column":22}},"5":{"start":{"line":24,"column":0},"end":{"line":30,"column":42}},"6":{"start":{"line":30,"column":14},"end":{"line":30,"column":41}},"7":{"start":{"line":32,"column":0},"end":{"line":34,"column":2}},"8":{"start":{"line":33,"column":2},"end":{"line":33,"column":52}},"9":{"start":{"line":37,"column":0},"end":{"line":37,"column":32}},"10":{"start":{"line":38,"column":0},"end":{"line":38,"column":32}},"11":{"start":{"line":41,"column":13},"end":{"line":41,"column":37}},"12":{"start":{"line":43,"column":15},"end":{"line":43,"column":31}}},"fnMap":{"0":{"name":"(anonymous_0)","decl":{"start":{"line":30,"column":8},"end":{"line":30,"column":9}},"loc":{"start":{"line":30,"column":14},"end":{"line":30,"column":41}},"line":30},"1":{"name":"(anonymous_1)","decl":{"start":{"line":32,"column":32},"end":{"line":32,"column":33}},"loc":{"start":{"line":32,"column":41},"end":{"line":34,"column":1}},"line":32}},"branchMap":{"0":{"loc":{"start":{"line":41,"column":13},"end":{"line":41,"column":37}},"type":"binary-expr","locations":[{"start":{"line":41,"column":13},"end":{"line":41,"column":29}},{"start":{"line":41,"column":33},"end":{"line":41,"column":37}}],"line":41}},"s":{"0":1,"1":1,"2":1,"3":1,"4":1,"5":1,"6":1,"7":1,"8":0,"9":1,"10":1,"11":1,"12":1},"f":{"0":1,"1":0},"b":{"0":[1,1]},"_coverageSchema":"1a1c01bbd47fc00a2c39e90264f33305004495a9","hash":"234d55c7e80385e8e0dce496376bb26994105d1c"}
,"E:\\GlintsWorkAssignment\\InvestaX\\me\\album-backend\\controllers\\photos.controller.js": {"path":"E:\\GlintsWorkAssignment\\InvestaX\\me\\album-backend\\controllers\\photos.controller.js","statementMap":{"0":{"start":{"line":6,"column":12},"end":{"line":6,"column":30}},"1":{"start":{"line":7,"column":11},"end":{"line":7,"column":35}},"2":{"start":{"line":9,"column":21},"end":{"line":47,"column":1}},"3":{"start":{"line":10,"column":17},"end":{"line":12,"column":4}},"4":{"start":{"line":14,"column":20},"end":{"line":14,"column":45}},"5":{"start":{"line":16,"column":2},"end":{"line":16,"column":58}},"6":{"start":{"line":16,"column":13},"end":{"line":16,"column":58}},"7":{"start":{"line":18,"column":20},"end":{"line":18,"column":28}},"8":{"start":{"line":20,"column":15},"end":{"line":39,"column":4}},"9":{"start":{"line":21,"column":25},"end":{"line":21,"column":42}},"10":{"start":{"line":22,"column":27},"end":{"line":22,"column":77}},"11":{"start":{"line":24,"column":17},"end":{"line":24,"column":73}},"12":{"start":{"line":25,"column":17},"end":{"line":25,"column":57}},"13":{"start":{"line":27,"column":4},"end":{"line":27,"column":74}},"14":{"start":{"line":28,"column":4},"end":{"line":28,"column":57}},"15":{"start":{"line":30,"column":18},"end":{"line":34,"column":6}},"16":{"start":{"line":36,"column":19},"end":{"line":36,"column":39}},"17":{"start":{"line":38,"column":4},"end":{"line":38,"column":48}},"18":{"start":{"line":41,"column":2},"end":{"line":46,"column":4}},"19":{"start":{"line":42,"column":4},"end":{"line":45,"column":6}},"20":{"start":{"line":49,"column":19},"end":{"line":81,"column":1}},"21":{"start":{"line":50,"column":26},"end":{"line":50,"column":34}},"22":{"start":{"line":51,"column":17},"end":{"line":54,"column":4}},"23":{"start":{"line":56,"column":20},"end":{"line":56,"column":45}},"24":{"start":{"line":58,"column":2},"end":{"line":58,"column":58}},"25":{"start":{"line":58,"column":13},"end":{"line":58,"column":58}},"26":{"start":{"line":60,"column":16},"end":{"line":60,"column":38}},"27":{"start":{"line":62,"column":15},"end":{"line":62,"column":52}},"28":{"start":{"line":64,"column":2},"end":{"line":72,"column":4}},"29":{"start":{"line":65,"column":4},"end":{"line":71,"column":5}},"30":{"start":{"line":74,"column":2},"end":{"line":80,"column":4}},"31":{"start":{"line":83,"column":20},"end":{"line":107,"column":1}},"32":{"start":{"line":84,"column":30},"end":{"line":84,"column":40}},"33":{"start":{"line":85,"column":17},"end":{"line":88,"column":4}},"34":{"start":{"line":90,"column":20},"end":{"line":90,"column":47}},"35":{"start":{"line":92,"column":2},"end":{"line":92,"column":63}},"36":{"start":{"line":92,"column":13},"end":{"line":92,"column":63}},"37":{"start":{"line":94,"column":16},"end":{"line":94,"column":57}},"38":{"start":{"line":96,"column":2},"end":{"line":106,"column":3}},"39":{"start":{"line":97,"column":4},"end":{"line":97,"column":31}},"40":{"start":{"line":99,"column":4},"end":{"line":101,"column":6}},"41":{"start":{"line":103,"column":4},"end":{"line":105,"column":6}},"42":{"start":{"line":109,"column":21},"end":{"line":151,"column":1}},"43":{"start":{"line":110,"column":17},"end":{"line":110,"column":25}},"44":{"start":{"line":111,"column":17},"end":{"line":114,"column":5}},"45":{"start":{"line":116,"column":20},"end":{"line":116,"column":43}},"46":{"start":{"line":117,"column":2},"end":{"line":117,"column":58}},"47":{"start":{"line":117,"column":13},"end":{"line":117,"column":58}},"48":{"start":{"line":119,"column":24},"end":{"line":119,"column":26}},"49":{"start":{"line":120,"column":21},"end":{"line":120,"column":23}},"50":{"start":{"line":122,"column":2},"end":{"line":137,"column":3}},"51":{"start":{"line":123,"column":22},"end":{"line":123,"column":33}},"52":{"start":{"line":124,"column":18},"end":{"line":124,"column":71}},"53":{"start":{"line":124,"column":59},"end":{"line":124,"column":70}},"54":{"start":{"line":126,"column":4},"end":{"line":136,"column":5}},"55":{"start":{"line":127,"column":20},"end":{"line":127,"column":61}},"56":{"start":{"line":129,"column":6},"end":{"line":133,"column":7}},"57":{"start":{"line":130,"column":8},"end":{"line":130,"column":41}},"58":{"start":{"line":132,"column":8},"end":{"line":132,"column":29}},"59":{"start":{"line":135,"column":6},"end":{"line":135,"column":31}},"60":{"start":{"line":139,"column":2},"end":{"line":150,"column":6}},"61":{"start":{"line":141,"column":6},"end":{"line":149,"column":7}},"62":{"start":{"line":142,"column":8},"end":{"line":144,"column":10}},"63":{"start":{"line":146,"column":8},"end":{"line":148,"column":10}}},"fnMap":{"0":{"name":"(anonymous_0)","decl":{"start":{"line":9,"column":21},"end":{"line":9,"column":22}},"loc":{"start":{"line":9,"column":47},"end":{"line":47,"column":1}},"line":9},"1":{"name":"(anonymous_1)","decl":{"start":{"line":20,"column":35},"end":{"line":20,"column":36}},"loc":{"start":{"line":20,"column":51},"end":{"line":39,"column":3}},"line":20},"2":{"name":"(anonymous_2)","decl":{"start":{"line":41,"column":25},"end":{"line":41,"column":26}},"loc":{"start":{"line":41,"column":38},"end":{"line":46,"column":3}},"line":41},"3":{"name":"(anonymous_3)","decl":{"start":{"line":49,"column":19},"end":{"line":49,"column":20}},"loc":{"start":{"line":49,"column":39},"end":{"line":81,"column":1}},"line":49},"4":{"name":"(anonymous_4)","decl":{"start":{"line":64,"column":28},"end":{"line":64,"column":29}},"loc":{"start":{"line":64,"column":39},"end":{"line":72,"column":3}},"line":64},"5":{"name":"(anonymous_5)","decl":{"start":{"line":83,"column":20},"end":{"line":83,"column":21}},"loc":{"start":{"line":83,"column":40},"end":{"line":107,"column":1}},"line":83},"6":{"name":"(anonymous_6)","decl":{"start":{"line":109,"column":21},"end":{"line":109,"column":22}},"loc":{"start":{"line":109,"column":41},"end":{"line":151,"column":1}},"line":109},"7":{"name":"(anonymous_7)","decl":{"start":{"line":124,"column":49},"end":{"line":124,"column":50}},"loc":{"start":{"line":124,"column":59},"end":{"line":124,"column":70}},"line":124},"8":{"name":"(anonymous_8)","decl":{"start":{"line":140,"column":10},"end":{"line":140,"column":11}},"loc":{"start":{"line":140,"column":23},"end":{"line":150,"column":5}},"line":140}},"branchMap":{"0":{"loc":{"start":{"line":16,"column":2},"end":{"line":16,"column":58}},"type":"if","locations":[{"start":{"line":16,"column":2},"end":{"line":16,"column":58}},{"start":{"line":16,"column":2},"end":{"line":16,"column":58}}],"line":16},"1":{"loc":{"start":{"line":58,"column":2},"end":{"line":58,"column":58}},"type":"if","locations":[{"start":{"line":58,"column":2},"end":{"line":58,"column":58}},{"start":{"line":58,"column":2},"end":{"line":58,"column":58}}],"line":58},"2":{"loc":{"start":{"line":92,"column":2},"end":{"line":92,"column":63}},"type":"if","locations":[{"start":{"line":92,"column":2},"end":{"line":92,"column":63}},{"start":{"line":92,"column":2},"end":{"line":92,"column":63}}],"line":92},"3":{"loc":{"start":{"line":96,"column":2},"end":{"line":106,"column":3}},"type":"if","locations":[{"start":{"line":96,"column":2},"end":{"line":106,"column":3}},{"start":{"line":96,"column":2},"end":{"line":106,"column":3}}],"line":96},"4":{"loc":{"start":{"line":117,"column":2},"end":{"line":117,"column":58}},"type":"if","locations":[{"start":{"line":117,"column":2},"end":{"line":117,"column":58}},{"start":{"line":117,"column":2},"end":{"line":117,"column":58}}],"line":117},"5":{"loc":{"start":{"line":129,"column":6},"end":{"line":133,"column":7}},"type":"if","locations":[{"start":{"line":129,"column":6},"end":{"line":133,"column":7}},{"start":{"line":129,"column":6},"end":{"line":133,"column":7}}],"line":129},"6":{"loc":{"start":{"line":141,"column":6},"end":{"line":149,"column":7}},"type":"if","locations":[{"start":{"line":141,"column":6},"end":{"line":149,"column":7}},{"start":{"line":141,"column":6},"end":{"line":149,"column":7}}],"line":141}},"s":{"0":1,"1":1,"2":1,"3":0,"4":0,"5":0,"6":0,"7":0,"8":0,"9":0,"10":0,"11":0,"12":0,"13":0,"14":0,"15":0,"16":0,"17":0,"18":0,"19":0,"20":1,"21":0,"22":0,"23":0,"24":0,"25":0,"26":0,"27":0,"28":0,"29":0,"30":0,"31":1,"32":0,"33":0,"34":0,"35":0,"36":0,"37":0,"38":0,"39":0,"40":0,"41":0,"42":1,"43":0,"44":0,"45":0,"46":0,"47":0,"48":0,"49":0,"50":0,"51":0,"52":0,"53":0,"54":0,"55":0,"56":0,"57":0,"58":0,"59":0,"60":0,"61":0,"62":0,"63":0},"f":{"0":0,"1":0,"2":0,"3":0,"4":0,"5":0,"6":0,"7":0,"8":0},"b":{"0":[0,0],"1":[0,0],"2":[0,0],"3":[0,0],"4":[0,0],"5":[0,0],"6":[0,0]},"_coverageSchema":"1a1c01bbd47fc00a2c39e90264f33305004495a9","hash":"63909c2e2c49d8238d0b38b0a0c3a114c3a0b533"}
,"E:\\GlintsWorkAssignment\\InvestaX\\me\\album-backend\\models\\photos.model.js": {"path":"E:\\GlintsWorkAssignment\\InvestaX\\me\\album-backend\\models\\photos.model.js","statementMap":{"0":{"start":{"line":2,"column":19},"end":{"line":2,"column":27}},"1":{"start":{"line":4,"column":20},"end":{"line":23,"column":2}},"2":{"start":{"line":27,"column":4},"end":{"line":27,"column":21}},"3":{"start":{"line":28,"column":4},"end":{"line":32,"column":5}},"4":{"start":{"line":36,"column":4},"end":{"line":39,"column":6}},"5":{"start":{"line":43,"column":4},"end":{"line":43,"column":72}},"6":{"start":{"line":47,"column":4},"end":{"line":47,"column":40}},"7":{"start":{"line":51,"column":4},"end":{"line":51,"column":85}},"8":{"start":{"line":55,"column":18},"end":{"line":55,"column":33}},"9":{"start":{"line":56,"column":20},"end":{"line":56,"column":61}},"10":{"start":{"line":57,"column":4},"end":{"line":59,"column":23}},"11":{"start":{"line":63,"column":21},"end":{"line":63,"column":44}},"12":{"start":{"line":64,"column":4},"end":{"line":68,"column":5}},"13":{"start":{"line":65,"column":6},"end":{"line":65,"column":63}},"14":{"start":{"line":67,"column":6},"end":{"line":67,"column":25}},"15":{"start":{"line":72,"column":0},"end":{"line":72,"column":33}},"16":{"start":{"line":74,"column":14},"end":{"line":74,"column":51}}},"fnMap":{"0":{"name":"(anonymous_0)","decl":{"start":{"line":26,"column":2},"end":{"line":26,"column":3}},"loc":{"start":{"line":26,"column":18},"end":{"line":33,"column":3}},"line":26},"1":{"name":"(anonymous_1)","decl":{"start":{"line":35,"column":2},"end":{"line":35,"column":3}},"loc":{"start":{"line":35,"column":36},"end":{"line":40,"column":3}},"line":35},"2":{"name":"(anonymous_2)","decl":{"start":{"line":42,"column":2},"end":{"line":42,"column":3}},"loc":{"start":{"line":42,"column":20},"end":{"line":44,"column":3}},"line":42},"3":{"name":"(anonymous_3)","decl":{"start":{"line":46,"column":2},"end":{"line":46,"column":3}},"loc":{"start":{"line":46,"column":21},"end":{"line":48,"column":3}},"line":46},"4":{"name":"(anonymous_4)","decl":{"start":{"line":50,"column":2},"end":{"line":50,"column":3}},"loc":{"start":{"line":50,"column":36},"end":{"line":52,"column":3}},"line":50},"5":{"name":"(anonymous_5)","decl":{"start":{"line":54,"column":2},"end":{"line":54,"column":3}},"loc":{"start":{"line":54,"column":41},"end":{"line":60,"column":3}},"line":54},"6":{"name":"(anonymous_6)","decl":{"start":{"line":62,"column":2},"end":{"line":62,"column":3}},"loc":{"start":{"line":62,"column":55},"end":{"line":69,"column":3}},"line":62}},"branchMap":{"0":{"loc":{"start":{"line":64,"column":4},"end":{"line":68,"column":5}},"type":"if","locations":[{"start":{"line":64,"column":4},"end":{"line":68,"column":5}},{"start":{"line":64,"column":4},"end":{"line":68,"column":5}}],"line":64}},"s":{"0":1,"1":1,"2":0,"3":0,"4":0,"5":0,"6":0,"7":0,"8":0,"9":0,"10":0,"11":0,"12":0,"13":0,"14":0,"15":1,"16":1},"f":{"0":0,"1":0,"2":0,"3":0,"4":0,"5":0,"6":0},"b":{"0":[0,0]},"_coverageSchema":"1a1c01bbd47fc00a2c39e90264f33305004495a9","hash":"ef7fbcd011579c33aeae3d17faf315c73667c351"}
,"E:\\GlintsWorkAssignment\\InvestaX\\me\\album-backend\\routes\\health.router.js": {"path":"E:\\GlintsWorkAssignment\\InvestaX\\me\\album-backend\\routes\\health.router.js","statementMap":{"0":{"start":{"line":3,"column":21},"end":{"line":3,"column":37}},"1":{"start":{"line":5,"column":0},"end":{"line":7,"column":2}},"2":{"start":{"line":6,"column":2},"end":{"line":6,"column":41}}},"fnMap":{"0":{"name":"(anonymous_0)","decl":{"start":{"line":5,"column":22},"end":{"line":5,"column":23}},"loc":{"start":{"line":5,"column":36},"end":{"line":7,"column":1}},"line":5}},"branchMap":{},"s":{"0":1,"1":1,"2":1},"f":{"0":1},"b":{},"_coverageSchema":"1a1c01bbd47fc00a2c39e90264f33305004495a9","hash":"c6993c21d0280bc565262198bea7b46d830f745d"}
,"E:\\GlintsWorkAssignment\\InvestaX\\me\\album-backend\\routes\\photos.router.js": {"path":"E:\\GlintsWorkAssignment\\InvestaX\\me\\album-backend\\routes\\photos.router.js","statementMap":{"0":{"start":{"line":10,"column":21},"end":{"line":10,"column":37}},"1":{"start":{"line":11,"column":15},"end":{"line":11,"column":23}},"2":{"start":{"line":13,"column":0},"end":{"line":13,"column":47}},"3":{"start":{"line":15,"column":0},"end":{"line":15,"column":62}},"4":{"start":{"line":16,"column":0},"end":{"line":16,"column":38}},"5":{"start":{"line":17,"column":0},"end":{"line":17,"column":53}},"6":{"start":{"line":18,"column":0},"end":{"line":18,"column":38}}},"fnMap":{},"branchMap":{},"s":{"0":1,"1":1,"2":1,"3":1,"4":1,"5":1,"6":1},"f":{},"b":{},"_coverageSchema":"1a1c01bbd47fc00a2c39e90264f33305004495a9","hash":"2446af767e957236e705ec779c9501efdc3349ec"}
}
